<?xml version="1.0" encoding="UTF-8"?>
<!-- Generated by org.testng.reporters.JUnitReportReporter -->
<testsuite skipped="0" hostname="DESKTOP-V99K18J" name="com.project.TC_001" tests="1" failures="0" timestamp="2020-01-06T12:36:09 IST" time="0.007" errors="0">
  <testcase name="f" time="0.007" classname="com.project.TC_001"/>
</testsuite> <!-- com.project.TC_001 -->
