<?xml version="1.0" encoding="UTF-8"?>
<!-- Generated by org.testng.reporters.JUnitReportReporter -->
<testsuite skipped="0" hostname="DESKTOP-V99K18J" name="com.suiteA.TestA1" tests="1" failures="0" timestamp="2020-01-07T12:16:00 IST" time="3.008" errors="0">
  <testcase name="f" time="3.008" classname="com.suiteA.TestA1"/>
</testsuite> <!-- com.suiteA.TestA1 -->
