<?xml version="1.0" encoding="UTF-8"?>
<!-- Generated by org.testng.reporters.JUnitReportReporter -->
<testsuite skipped="2" hostname="DESKTOP-V99K18J" name="com.project1.TestDependencies" tests="4" failures="0" timestamp="2020-01-08T12:23:24 IST" time="0.016" errors="0">
  <testcase name="orange" time="0.016" classname="com.project1.TestDependencies"/>
  <testcase name="white" time="0.000" classname="com.project1.TestDependencies"/>
  <testcase name="blue" time="0.000" classname="com.project1.TestDependencies">
    <skipped/>
  </testcase> <!-- blue -->
  <testcase name="green" time="0.000" classname="com.project1.TestDependencies">
    <skipped/>
  </testcase> <!-- green -->
</testsuite> <!-- com.project1.TestDependencies -->
