<?xml version="1.0" encoding="UTF-8"?>
<!-- Generated by org.testng.reporters.JUnitReportReporter -->
<testsuite skipped="0" hostname="DESKTOP-V99K18J" name="com.project.TC_003" tests="1" failures="0" timestamp="2020-01-06T12:36:09 IST" time="14.160" errors="0">
  <testcase name="amazon" time="14.160" classname="com.project.TC_003"/>
</testsuite> <!-- com.project.TC_003 -->
