<?xml version="1.0" encoding="UTF-8"?>
<!-- Generated by org.testng.reporters.JUnitReportReporter -->
<testsuite skipped="1" hostname="DESKTOP-V99K18J" name="com.project.TC_002" tests="3" failures="0" timestamp="2020-01-06T12:36:09 IST" time="0.004" errors="0">
  <testcase name="f" time="0.002" classname="com.project.TC_002"/>
  <testcase name="q" time="0.002" classname="com.project.TC_002"/>
  <testcase name="z" classname="com.project.TC_002">
    <skipped/>
  </testcase> <!-- z -->
</testsuite> <!-- com.project.TC_002 -->
