<?xml version="1.0" encoding="UTF-8"?>
<!-- Generated by org.testng.reporters.JUnitReportReporter -->
<testsuite skipped="0" hostname="DESKTOP-V99K18J" name="com.project1.LinksTesting1" tests="1" failures="0" timestamp="2020-01-08T12:03:02 IST" time="11.302" errors="0">
  <testcase name="linktesting1" time="11.302" classname="com.project1.LinksTesting1"/>
</testsuite> <!-- com.project1.LinksTesting1 -->
