<?xml version="1.0" encoding="UTF-8"?>
<!-- Generated by org.testng.reporters.JUnitReportReporter -->
<testsuite skipped="0" hostname="DESKTOP-V99K18J" name="com.project1.RadioButton1" tests="1" failures="0" timestamp="2020-01-08T12:03:02 IST" time="27.811" errors="0">
  <testcase name="radioButton1" time="27.811" classname="com.project1.RadioButton1"/>
</testsuite> <!-- com.project1.RadioButton1 -->
