<?xml version="1.0" encoding="UTF-8"?>
<!-- Generated by org.testng.reporters.JUnitReportReporter -->
<testsuite skipped="0" hostname="DESKTOP-V99K18J" name="com.suiteB.TestB2" tests="1" failures="0" timestamp="2020-01-07T12:16:00 IST" time="3.005" errors="0">
  <testcase name="f" time="3.005" classname="com.suiteB.TestB2"/>
</testsuite> <!-- com.suiteB.TestB2 -->
